[2025-06-04 15:56:17,433 - Health_insurance - INFO -stage Data Ingetion Stage started ]
[2025-06-04 15:56:17,455 - Health_insurance - INFO -folder is created at: artifacts]
[2025-06-04 15:56:17,456 - Health_insurance - INFO -folder is created at: artifacts/data/raw]
[2025-06-04 15:56:17,457 - Health_insurance - INFO -Downloading Datset from kaggle]
[2025-06-04 15:56:17,457 - Health_insurance - INFO -datset already downloaded at artifacts/data/raw/dataset.zip, skipping downloading]
[2025-06-04 15:56:17,457 - Health_insurance - INFO -Extracting Downloded data]
[2025-06-04 15:56:17,582 - Health_insurance - INFO -Extracted Zip file to artifacts/data/raw]
[2025-06-04 15:56:17,582 - Health_insurance - INFO - Satge Data validation Started--]
[2025-06-04 15:56:17,582 - Health_insurance - INFO -folder is created at: artifacts]
[2025-06-04 15:56:17,582 - Health_insurance - INFO -folder is created at: artifacts/data_validation]
[2025-06-04 15:56:17,697 - Health_insurance - INFO -Datavalidation is successfull---]
[2025-06-04 15:56:17,697 - Health_insurance - INFO -Stage Data Transformation Started ....]
[2025-06-04 15:56:17,697 - Health_insurance - INFO -folder is created at: artifacts]
[2025-06-04 15:56:17,697 - Health_insurance - INFO -folder is created at: artifacts/data/processed]
[2025-06-04 15:56:18,036 - Health_insurance - INFO -data transformation Started--]
[2025-06-04 15:56:18,140 - Health_insurance - INFO -categorical columns are encoded]
[2025-06-04 15:56:20,594 - Health_insurance - INFO -Data Transformation completed and saved into artifacts/data/processed]
[2025-06-04 15:56:20,612 - Health_insurance - INFO -Stage Model Trainer Started ....]
[2025-06-04 15:56:20,615 - Health_insurance - INFO -folder is created at: artifacts]
[2025-06-04 15:56:20,617 - Health_insurance - INFO -folder is created at: artifacts/model_trainer]
[2025-06-04 15:56:21,413 - Health_insurance - INFO -Model Trained successfully ]
[2025-06-04 15:56:21,413 - Health_insurance - INFO -model successfully saved at artifacts/model_trainer\model.joblib]
[2025-06-04 15:56:21,413 - Health_insurance - INFO -Model saved at artifacts/model_trainer]
[2025-06-04 15:56:21,423 - Health_insurance - INFO -Stage Model Evaluation Started ....]
[2025-06-04 15:56:21,426 - Health_insurance - INFO -folder is created at: artifacts]
[2025-06-04 15:56:21,427 - Health_insurance - INFO -folder is created at: artifacts/model_evaluation]
[2025-06-04 15:56:21,564 - Health_insurance - INFO -model loaded from artifacts/model_trainer/model.joblib]
[2025-06-04 15:56:21,564 - Health_insurance - INFO -Model Predicting Started]
[2025-06-04 15:56:28,881 - Health_insurance - INFO -Successfully logged Metrics into mlflow]
[2025-06-04 15:56:32,495 - Health_insurance - INFO -looges confusion matrix as png]
[2025-06-04 15:56:33,069 - Health_insurance - INFO -looged classification report]
